#
# There is insufficient memory for the Java Runtime Environment to continue.
# Native memory allocation (mmap) failed to map 130023424 bytes for G1 virtual space
# Possible reasons:
#   The system is out of physical RAM or swap space
#   The process is running with CompressedOops enabled, and the Java Heap may be blocking the growth of the native heap
# Possible solutions:
#   Reduce memory load on the system
#   Increase physical memory or swap space
#   Check if swap backing store is full
#   Decrease Java heap size (-Xmx/-Xms)
#   Decrease number of Java threads
#   Decrease Java thread stack sizes (-Xss)
#   Set larger code cache with -XX:ReservedCodeCacheSize=
#   JVM is running with Unscaled Compressed Oops mode in which the Java heap is
#     placed in the first 4GB address space. The Java Heap base address is the
#     maximum limit for the native heap growth. Please use -XX:HeapBaseMinAddress
#     to set the Java Heap base and to place the Java Heap above 4GB virtual address.
# This output file may be truncated or incomplete.
#
#  Out of Memory Error (os_windows.cpp:3466), pid=35704, tid=12948
#
# JRE version:  (16.0.2+7) (build )
# Java VM: Java HotSpot(TM) 64-Bit Server VM (16.0.2+7-67, mixed mode, sharing, tiered, compressed oops, compressed class ptrs, g1 gc, windows-amd64)
# No core dump will be written. Minidumps are not enabled by default on client versions of Windows
#

---------------  S U M M A R Y ------------

Command Line: -Dfile.encoding=UTF-8 -XX:+ShowCodeDetailsInExceptionMessages Views.QuanLyThuePhong

Host: 11th Gen Intel(R) Core(TM) i7-11800H @ 2.30GHz, 16 cores, 7G,  Windows 10 , 64 bit Build 22000 (10.0.22000.708)
Time: Tue Aug  9 23:32:16 2022 SE Asia Standard Time elapsed time: 0.006438 seconds (0d 0h 0m 0s)

---------------  T H R E A D  ---------------

Current thread (0x000002532dff0650):  JavaThread "Unknown thread" [_thread_in_vm, id=12948, stack(0x000000e599b00000,0x000000e599c00000)]

Stack: [0x000000e599b00000,0x000000e599c00000]
Native frames: (J=compiled Java code, j=interpreted, Vv=VM code, C=native code)
V  [jvm.dll+0x6681ca]
V  [jvm.dll+0x7c9e69]
V  [jvm.dll+0x7cb61e]
V  [jvm.dll+0x7cbc73]
V  [jvm.dll+0x242c55]
V  [jvm.dll+0x664f89]
V  [jvm.dll+0x659b75]
V  [jvm.dll+0x2fbfbb]
V  [jvm.dll+0x3031b6]
V  [jvm.dll+0x35299e]
V  [jvm.dll+0x352bcf]
V  [jvm.dll+0x2d3028]
V  [jvm.dll+0x2d4264]
V  [jvm.dll+0x79c741]
V  [jvm.dll+0x360791]
V  [jvm.dll+0x77a3f0]
V  [jvm.dll+0x3e4e8f]
V  [jvm.dll+0x3e6961]
C  [jli.dll+0x52fb]
C  [ucrtbase.dll+0x26c0c]
C  [KERNEL32.DLL+0x154e0]
C  [ntdll.dll+0x485b]


---------------  P R O C E S S  ---------------

Threads class SMR info:
_java_thread_list=0x00007fff5ccecbb8, length=0, elements={
}

Java Threads: ( => current thread )

Other Threads:
  0x000002532e0348c0 GCTaskThread "GC Thread#0" [stack: 0x000000e599c00000,0x000000e599d00000] [id=21716]
  0x000002532e045200 ConcurrentGCThread "G1 Main Marker" [stack: 0x000000e599d00000,0x000000e599e00000] [id=4728]
  0x000002532e045cf0 ConcurrentGCThread "G1 Conc#0" [stack: 0x000000e599e00000,0x000000e599f00000] [id=19576]

[error occurred during error reporting (printing all threads), id 0xc0000005, EXCEPTION_ACCESS_VIOLATION (0xc0000005) at pc=0x00007fff5c4c3ee7]

VM state: not at safepoint (not fully initialized)

VM Mutex/Monitor currently owned by a thread:  ([mutex/lock_event])
[0x000002532dfee4e0] Heap_lock - owner thread: 0x000002532dff0650

Heap address: 0x0000000084000000, size: 1984 MB, Compressed Oops mode: 32-bit

CDS archive(s) mapped at: [0x0000000000000000-0x0000000000000000-0x0000000000000000), size 0, SharedBaseAddress: 0x0000000800000000, ArchiveRelocationMode: 0.
Narrow klass base: 0x0000000000000000, Narrow klass shift: 0, Narrow klass range: 0x0

GC Precious Log:
<Empty>

Heap:
 garbage-first heap   total 0K, used 0K [0x0000000084000000, 0x0000000100000000)
  region size 1024K, 0 young (0K), 0 survivors (0K)

[error occurred during error reporting (printing heap information), id 0xc0000005, EXCEPTION_ACCESS_VIOLATION (0xc0000005) at pc=0x00007fff5c8a1eed]

GC Heap History (0 events):
No events

Deoptimization events (0 events):
No events

Classes unloaded (0 events):
No events

Classes redefined (0 events):
No events

Internal exceptions (0 events):
No events

Events (1 events):
Event: 0.004 Loaded shared library C:\Program Files\Java\jdk-16.0.2\bin\java.dll


Dynamic libraries:
0x00007ff61d1f0000 - 0x00007ff61d200000 	C:\Program Files\Java\jdk-16.0.2\bin\javaw.exe
0x00007fffd6a20000 - 0x00007fffd6c29000 	C:\Windows\SYSTEM32\ntdll.dll
0x00007fffd5d70000 - 0x00007fffd5e2d000 	C:\Windows\System32\KERNEL32.DLL
0x00007fffd42d0000 - 0x00007fffd4649000 	C:\Windows\System32\KERNELBASE.dll
0x00007fffd4070000 - 0x00007fffd4181000 	C:\Windows\System32\ucrtbase.dll
0x00007fffb48d0000 - 0x00007fffb48e9000 	C:\Program Files\Java\jdk-16.0.2\bin\VCRUNTIME140.dll
0x00007fffb3a40000 - 0x00007fffb3a58000 	C:\Program Files\Java\jdk-16.0.2\bin\jli.dll
0x00007fffd66f0000 - 0x00007fffd679e000 	C:\Windows\System32\ADVAPI32.dll
0x00007fffd4e60000 - 0x00007fffd4f03000 	C:\Windows\System32\msvcrt.dll
0x00007fffd6500000 - 0x00007fffd659e000 	C:\Windows\System32\sechost.dll
0x00007fffd4a90000 - 0x00007fffd4bb0000 	C:\Windows\System32\RPCRT4.dll
0x00007fffd4c30000 - 0x00007fffd4ddc000 	C:\Windows\System32\USER32.dll
0x00007fffd3190000 - 0x00007fffd3435000 	C:\Windows\WinSxS\amd64_microsoft.windows.common-controls_6595b64144ccf1df_6.0.22000.120_none_9d947278b86cc467\COMCTL32.dll
0x00007fffd4230000 - 0x00007fffd4256000 	C:\Windows\System32\win32u.dll
0x00007fffd5130000 - 0x00007fffd5159000 	C:\Windows\System32\GDI32.dll
0x00007fffd4650000 - 0x00007fffd4762000 	C:\Windows\System32\gdi32full.dll
0x00007fffd4190000 - 0x00007fffd422d000 	C:\Windows\System32\msvcp_win.dll
0x00007fffc97a0000 - 0x00007fffc97aa000 	C:\Windows\SYSTEM32\VERSION.dll
0x00007fffd48b0000 - 0x00007fffd48e1000 	C:\Windows\System32\IMM32.DLL
0x00007fffba510000 - 0x00007fffba51c000 	C:\Program Files\Java\jdk-16.0.2\bin\vcruntime140_1.dll
0x00007fff7fd60000 - 0x00007fff7fdf1000 	C:\Program Files\Java\jdk-16.0.2\bin\msvcp140.dll
0x00007fff5c1e0000 - 0x00007fff5cd8b000 	C:\Program Files\Java\jdk-16.0.2\bin\server\jvm.dll
0x00007fffd5d60000 - 0x00007fffd5d68000 	C:\Windows\System32\PSAPI.DLL
0x00007fffbb3a0000 - 0x00007fffbb3a9000 	C:\Windows\SYSTEM32\WSOCK32.dll
0x00007fffc7c30000 - 0x00007fffc7c63000 	C:\Windows\SYSTEM32\WINMM.dll
0x00007fffd6880000 - 0x00007fffd68ef000 	C:\Windows\System32\WS2_32.dll
0x00007fffd2f90000 - 0x00007fffd2fa8000 	C:\Windows\SYSTEM32\kernel.appcore.dll
0x00007fffbb690000 - 0x00007fffbb69a000 	C:\Program Files\Java\jdk-16.0.2\bin\jimage.dll
0x00007fffd3850000 - 0x00007fffd3a71000 	C:\Windows\SYSTEM32\DBGHELP.DLL
0x00007fffd3720000 - 0x00007fffd3751000 	C:\Windows\SYSTEM32\dbgcore.DLL
0x00007fffd4830000 - 0x00007fffd48af000 	C:\Windows\System32\bcryptPrimitives.dll
0x00007fff95db0000 - 0x00007fff95dd5000 	C:\Program Files\Java\jdk-16.0.2\bin\java.dll

dbghelp: loaded successfully - version: 4.0.5 - missing functions: none
symbol engine: initialized successfully - sym options: 0x614 - pdb path: .;C:\Program Files\Java\jdk-16.0.2\bin;C:\Windows\SYSTEM32;C:\Windows\WinSxS\amd64_microsoft.windows.common-controls_6595b64144ccf1df_6.0.22000.120_none_9d947278b86cc467;C:\Program Files\Java\jdk-16.0.2\bin\server

VM Arguments:
jvm_args: -Dfile.encoding=UTF-8 -XX:+ShowCodeDetailsInExceptionMessages 
java_command: Views.QuanLyThuePhong
java_class_path (initial): C:\Users\admin\eclipse-workspace\QuanLyKS\target\classes;C:\Users\admin\.m2\repository\com\microsoft\sqlserver\mssql-jdbc\9.4.1.jre16\mssql-jdbc-9.4.1.jre16.jar;C:\Users\admin\.m2\repository\org\hibernate\hibernate-core\4.1.6.Final\hibernate-core-4.1.6.Final.jar;C:\Users\admin\.m2\repository\antlr\antlr\2.7.7\antlr-2.7.7.jar;C:\Users\admin\.m2\repository\org\jboss\logging\jboss-logging\3.1.0.GA\jboss-logging-3.1.0.GA.jar;C:\Users\admin\.m2\repository\org\jboss\spec\javax\transaction\jboss-transaction-api_1.1_spec\1.0.0.Final\jboss-transaction-api_1.1_spec-1.0.0.Final.jar;C:\Users\admin\.m2\repository\dom4j\dom4j\1.6.1\dom4j-1.6.1.jar;C:\Users\admin\.m2\repository\org\hibernate\javax\persistence\hibernate-jpa-2.0-api\1.0.1.Final\hibernate-jpa-2.0-api-1.0.1.Final.jar;C:\Users\admin\.m2\repository\org\javassist\javassist\3.15.0-GA\javassist-3.15.0-GA.jar;C:\Users\admin\.m2\repository\org\hibernate\common\hibernate-commons-annotations\4.0.1.Final\hibernate-commons-annotations-4.0.1.Final.jar;C:\Users\admin\.m2\repository\javassist\javassist\3.12.1.GA\javassist-3.12.1.GA.jar;C:\Users\admin\.m2\repository\net\sourceforge\jdatepicker\jdatepicker\1.3.2\jdatepicker-1.3.2.jar;C:\Users\admin\.m2\repository\com\toedter\jcalendar\1.3.2\jcalendar-1.3.2.jar
Launcher Type: SUN_STANDARD

[Global flags]
     intx CICompilerCount                          = 12                                        {product} {ergonomic}
     uint ConcGCThreads                            = 3                                         {product} {ergonomic}
     uint G1ConcRefinementThreads                  = 13                                        {product} {ergonomic}
   size_t G1HeapRegionSize                         = 1048576                                   {product} {ergonomic}
    uintx GCDrainStackTargetSize                   = 64                                        {product} {ergonomic}
   size_t InitialHeapSize                          = 130023424                                 {product} {ergonomic}
   size_t MarkStackSize                            = 4194304                                   {product} {ergonomic}
   size_t MaxHeapSize                              = 2080374784                                {product} {ergonomic}
   size_t MinHeapDeltaBytes                        = 1048576                                   {product} {ergonomic}
   size_t MinHeapSize                              = 8388608                                   {product} {ergonomic}
    uintx NonNMethodCodeHeapSize                   = 7602480                                {pd product} {ergonomic}
    uintx NonProfiledCodeHeapSize                  = 122027880                              {pd product} {ergonomic}
    uintx ProfiledCodeHeapSize                     = 122027880                              {pd product} {ergonomic}
    uintx ReservedCodeCacheSize                    = 251658240                              {pd product} {ergonomic}
     bool SegmentedCodeCache                       = true                                      {product} {ergonomic}
     bool ShowCodeDetailsInExceptionMessages       = true                                   {manageable} {command line}
   size_t SoftMaxHeapSize                          = 2080374784                             {manageable} {ergonomic}
     bool UseCompressedClassPointers               = true                           {product lp64_product} {ergonomic}
     bool UseCompressedOops                        = true                           {product lp64_product} {ergonomic}
     bool UseG1GC                                  = true                                      {product} {ergonomic}
     bool UseLargePagesIndividualAllocation        = false                                  {pd product} {ergonomic}

Logging:
Log output configuration:
 #0: stdout all=warning uptime,level,tags
 #1: stderr all=off uptime,level,tags

Environment Variables:
PATH=C:/Program Files/Java/jdk-16.0.2/bin/server;C:/Program Files/Java/jdk-16.0.2/bin;C:\Program Files\Common Files\Oracle\Java\javapath;C:\Program Files (x86)\Common Files\Oracle\Java\javapath;C:\Windows\system32;C:\Windows;C:\Windows\System32\Wbem;C:\Windows\System32\WindowsPowerShell\v1.0\;C:\Windows\System32\OpenSSH\;C:\Program Files (x86)\NVIDIA Corporation\PhysX\Common;C:\Program Files\NVIDIA Corporation\NVIDIA NvDLISR;C:\Program Files\Azure Data Studio\bin;C:\Program Files\Microsoft SQL Server\Client SDK\ODBC\170\Tools\Binn\;C:\Program Files (x86)\Microsoft SQL Server\150\Tools\Binn\;C:\Program Files\Microsoft SQL Server\150\Tools\Binn\;C:\Program Files\Microsoft SQL Server\150\DTS\Binn\;C:\Program Files (x86)\Microsoft SQL Server\150\DTS\Binn\;C:\Program Files\dotnet\;C:\Program Files\Git\cmd;C:\Users\admin\AppData\Local\Microsoft\WindowsApps;C:\Program Files\Azure Data Studio\bin;C:\Users\admin\AppData\Local\GitHubDesktop\bin;C:\Users\admin\Desktop;
USERNAME=admin
OS=Windows_NT
PROCESSOR_IDENTIFIER=Intel64 Family 6 Model 141 Stepping 1, GenuineIntel



---------------  S Y S T E M  ---------------

OS:
 Windows 10 , 64 bit Build 22000 (10.0.22000.708)
OS uptime: 4 days 2:36 hours

CPU: total 16 (initial active 16) (8 cores per cpu, 2 threads per core) family 6 model 141 stepping 1 microcode 0x3e, cx8, cmov, fxsr, ht, mmx, 3dnowpref, sse, sse2, sse3, ssse3, sse4.1, sse4.2, popcnt, lzcnt, tsc, tscinvbit, avx, avx2, aes, erms, clmul, bmi1, bmi2, adx, avx512f, avx512dq, avx512cd, avx512bw, avx512vl, sha, fma, vzeroupper, avx512_vpopcntdq, avx512_vpclmulqdq, avx512_vaes, avx512_vnni, clflush, clflushopt, clwb, avx512_vmbi2, avx512_vmbi

Memory: 4k page, system-wide physical 7934M (433M free)
TotalPageFile size 32510M (AvailPageFile size 125M)
current process WorkingSet (physical memory assigned to process): 11M, peak: 11M
current process commit charge ("private bytes"): 70M, peak: 194M

vm_info: Java HotSpot(TM) 64-Bit Server VM (16.0.2+7-67) for windows-amd64 JRE (16.0.2+7-67), built on Jun  8 2021 23:24:19 by "mach5one" with MS VC++ 16.7 (VS2019)

END.
