2022-08-17 20:16:21,175 [Worker-6: Loading available Gradle versions] INFO  o.e.b.c.i.u.g.PublishedGradleVersions - Gradle version information cache is up-to-date. Trying to read.
2022-08-17 20:16:48,273 [Worker-21: Updating Maven Dependencies] INFO  o.e.m.c.i.l.LifecycleMappingFactory - Using org.eclipse.m2e.jdt.JarLifecycleMapping lifecycle mapping for MavenProject: com.QuanLyKhachSan:QuanLyKS:0.0.1-SNAPSHOT @ C:\Users\admin\Documents\GitHub\Du_an_1_QuanLyKhachSan\QuanLyKS\pom.xml.
2022-08-17 20:16:48,273 [Worker-25: Building] INFO  o.e.m.c.i.l.LifecycleMappingFactory - Using org.eclipse.m2e.jdt.JarLifecycleMapping lifecycle mapping for MavenProject: com.QuanLyKhachSan:QuanLyKS:0.0.1-SNAPSHOT @ C:\Users\admin\Documents\GitHub\Du_an_1_QuanLyKhachSan\QuanLyKS\pom.xml.
2022-08-17 20:16:49,370 [Worker-25: Building] INFO  o.e.m.c.i.embedder.EclipseLogger - Using 'UTF-8' encoding to copy filtered resources.
2022-08-17 20:16:49,371 [Worker-25: Building] INFO  o.e.m.c.i.embedder.EclipseLogger - skip non existing resourceDirectory C:\Users\admin\Documents\GitHub\Du_an_1_QuanLyKhachSan\QuanLyKS\src\main\resources
2022-08-17 20:16:49,376 [Worker-25: Building] INFO  o.e.m.c.i.embedder.EclipseLogger - Using 'UTF-8' encoding to copy filtered resources.
2022-08-17 20:16:49,377 [Worker-25: Building] INFO  o.e.m.c.i.embedder.EclipseLogger - skip non existing resourceDirectory C:\Users\admin\Documents\GitHub\Du_an_1_QuanLyKhachSan\QuanLyKS\src\test\resources
2022-08-17 20:16:51,390 [Worker-18: Updating Maven Dependencies] INFO  o.e.m.c.i.l.LifecycleMappingFactory - Using org.eclipse.m2e.jdt.JarLifecycleMapping lifecycle mapping for MavenProject: com.QuanLyKhachSan:QuanLyKS:0.0.1-SNAPSHOT @ C:\Users\admin\Documents\GitHub\Du_an_1_QuanLyKhachSan\QuanLyKS\pom.xml.
2022-08-17 20:16:52,786 [Worker-13: Building] INFO  o.e.m.c.i.embedder.EclipseLogger - Using 'UTF-8' encoding to copy filtered resources.
2022-08-17 20:16:52,787 [Worker-13: Building] INFO  o.e.m.c.i.embedder.EclipseLogger - skip non existing resourceDirectory C:\Users\admin\Documents\GitHub\Du_an_1_QuanLyKhachSan\QuanLyKS\src\main\resources
2022-08-17 20:16:52,788 [Worker-13: Building] INFO  o.e.m.c.i.embedder.EclipseLogger - Using 'UTF-8' encoding to copy filtered resources.
2022-08-17 20:16:52,788 [Worker-13: Building] INFO  o.e.m.c.i.embedder.EclipseLogger - skip non existing resourceDirectory C:\Users\admin\Documents\GitHub\Du_an_1_QuanLyKhachSan\QuanLyKS\src\test\resources
2022-08-17 20:19:22,691 [Worker-16: Building] INFO  o.e.m.c.i.embedder.EclipseLogger - Using 'UTF-8' encoding to copy filtered resources.
2022-08-17 20:19:22,692 [Worker-16: Building] INFO  o.e.m.c.i.embedder.EclipseLogger - skip non existing resourceDirectory C:\Users\admin\Documents\GitHub\Du_an_1_QuanLyKhachSan\QuanLyKS\src\main\resources
2022-08-17 20:19:22,692 [Worker-16: Building] INFO  o.e.m.c.i.embedder.EclipseLogger - Using 'UTF-8' encoding to copy filtered resources.
2022-08-17 20:19:22,692 [Worker-16: Building] INFO  o.e.m.c.i.embedder.EclipseLogger - skip non existing resourceDirectory C:\Users\admin\Documents\GitHub\Du_an_1_QuanLyKhachSan\QuanLyKS\src\test\resources
2022-08-17 20:19:23,758 [Worker-25: Building] INFO  o.e.m.c.i.embedder.EclipseLogger - Using 'UTF-8' encoding to copy filtered resources.
2022-08-17 20:19:23,758 [Worker-25: Building] INFO  o.e.m.c.i.embedder.EclipseLogger - skip non existing resourceDirectory C:\Users\admin\Documents\GitHub\Du_an_1_QuanLyKhachSan\QuanLyKS\src\main\resources
2022-08-17 20:19:23,759 [Worker-25: Building] INFO  o.e.m.c.i.embedder.EclipseLogger - Using 'UTF-8' encoding to copy filtered resources.
2022-08-17 20:19:23,759 [Worker-25: Building] INFO  o.e.m.c.i.embedder.EclipseLogger - skip non existing resourceDirectory C:\Users\admin\Documents\GitHub\Du_an_1_QuanLyKhachSan\QuanLyKS\src\test\resources
